<?xml version="1.0" encoding="UTF-8"?>
<!-- Generated by org.testng.reporters.JUnitReportReporter -->
<testsuite hostname="Syeds-MBP-2.lan" failures="0" tests="1" name="expediatestrunner.SearchTest" time="22.138" errors="0" timestamp="20 Nov 2021 04:57:50 GMT" skipped="0">
  <testcase classname="expediatestrunner.SearchTest" name="test" time="22.138"/>
</testsuite> <!-- expediatestrunner.SearchTest -->
