<?xml version="1.0" encoding="UTF-8"?>
<!-- Generated by org.testng.reporters.JUnitReportReporter -->
<testsuite hostname="Syeds-MBP-2.lan" failures="0" tests="1" name="mobiletestrunner.MenuTest" time="26.720" errors="0" timestamp="03 Nov 2021 01:14:18 GMT" skipped="0">
  <testcase classname="mobiletestrunner.MenuTest" name="test1" time="26.720"/>
</testsuite> <!-- mobiletestrunner.MenuTest -->
