<?xml version="1.0" encoding="UTF-8"?>
<!-- Generated by org.testng.reporters.JUnitReportReporter -->
<testsuite hostname="Syeds-MBP-2.lan" failures="0" tests="1" name="mobiletestrunner.MenuTest" time="33.781" errors="0" timestamp="01 Nov 2021 21:02:39 GMT" skipped="0">
  <testcase classname="mobiletestrunner.MenuTest" name="Test1" time="33.781"/>
</testsuite> <!-- mobiletestrunner.MenuTest -->
