<?xml version="1.0" encoding="UTF-8"?>
<!-- Generated by org.testng.reporters.JUnitReportReporter -->
<testsuite hostname="Syeds-MacBook-Pro-2.local" failures="0" tests="1" name="mobiletestrunner.MenuTest" time="23.043" errors="0" timestamp="12 Nov 2021 17:36:36 GMT" skipped="0">
  <testcase classname="mobiletestrunner.MenuTest" name="test1" time="23.043"/>
</testsuite> <!-- mobiletestrunner.MenuTest -->
