<?xml version="1.0" encoding="UTF-8"?>
<!-- Generated by org.testng.reporters.JUnitReportReporter -->
<testsuite hostname="Syeds-MBP-2.lan" failures="0" tests="1" name="mobiletestrunner.LocationTest" time="26.481" errors="0" timestamp="29 Oct 2021 19:46:11 GMT" skipped="0">
  <testcase classname="mobiletestrunner.LocationTest" name="Test1" time="26.481"/>
</testsuite> <!-- mobiletestrunner.LocationTest -->
