<?xml version="1.0" encoding="UTF-8"?>
<!-- Generated by org.testng.reporters.JUnitReportReporter -->
<testsuite hostname="Syeds-MBP-2.lan" failures="0" tests="1" name="mobiletestrunner.MenuTest" time="21.410" errors="0" timestamp="29 Oct 2021 19:44:31 GMT" skipped="0">
  <testcase classname="mobiletestrunner.MenuTest" name="Test1" time="21.410"/>
</testsuite> <!-- mobiletestrunner.MenuTest -->
