<?xml version="1.0" encoding="UTF-8"?>
<!-- Generated by org.testng.reporters.JUnitReportReporter -->
<testsuite hostname="Syeds-MBP-2.lan" failures="0" tests="1" name="mobiletestrunner.MenuTest" time="19.928" errors="0" timestamp="30 Oct 2021 00:16:25 GMT" skipped="0">
  <testcase classname="mobiletestrunner.MenuTest" name="Test1" time="19.928"/>
</testsuite> <!-- mobiletestrunner.MenuTest -->
