<?xml version="1.0" encoding="UTF-8"?>
<!-- Generated by org.testng.reporters.JUnitReportReporter -->
<testsuite hostname="Syeds-MBP-2.lan" failures="0" tests="1" name="mobiletestrunner.MenuTest" time="23.770" errors="0" timestamp="01 Nov 2021 20:28:28 GMT" skipped="0">
  <testcase classname="mobiletestrunner.MenuTest" name="Test1" time="23.770"/>
</testsuite> <!-- mobiletestrunner.MenuTest -->
