<?xml version="1.0" encoding="UTF-8"?>
<!-- Generated by org.testng.reporters.JUnitReportReporter -->
<testsuite hostname="Syeds-MBP-2.lan" failures="0" tests="1" name="mobiletestrunner.LandingPageTest" time="18.112" errors="0" timestamp="30 Oct 2021 00:06:57 GMT" skipped="0">
  <testcase classname="mobiletestrunner.LandingPageTest" name="Test1" time="18.112"/>
</testsuite> <!-- mobiletestrunner.LandingPageTest -->
