<?xml version="1.0" encoding="UTF-8"?>
<!-- Generated by org.testng.reporters.JUnitReportReporter -->
<testsuite hostname="Syeds-MBP-2.lan" failures="0" tests="1" name="mobiletestrunner.LocationTest" time="28.628" errors="0" timestamp="30 Oct 2021 00:15:15 GMT" skipped="0">
  <testcase classname="mobiletestrunner.LocationTest" name="Test1" time="28.628"/>
</testsuite> <!-- mobiletestrunner.LocationTest -->
