<?xml version="1.0" encoding="UTF-8"?>
<!-- Generated by org.testng.reporters.JUnitReportReporter -->
<testsuite hostname="Syeds-MacBook-Pro-2.local" failures="0" tests="1" name="mobiletestrunner.LandingPageTest" time="18.558" errors="0" timestamp="12 Nov 2021 17:36:08 GMT" skipped="0">
  <testcase classname="mobiletestrunner.LandingPageTest" name="Test1" time="18.558"/>
</testsuite> <!-- mobiletestrunner.LandingPageTest -->
