<?xml version="1.0" encoding="UTF-8"?>
<!-- Generated by org.testng.reporters.JUnitReportReporter -->
<testsuite hostname="Syeds-MacBook-Pro-2.local" failures="0" tests="1" name="mobiletestrunner.MenuTest" time="22.164" errors="0" timestamp="12 Nov 2021 21:05:22 GMT" skipped="0">
  <testcase classname="mobiletestrunner.MenuTest" name="coldDrinks" time="22.164"/>
</testsuite> <!-- mobiletestrunner.MenuTest -->
