<?xml version="1.0" encoding="UTF-8"?>
<!-- Generated by org.testng.reporters.JUnitReportReporter -->
<testsuite hostname="Syeds-MBP-2.lan" failures="0" tests="1" name="expediatestrunner.SearchTest" time="20.734" errors="0" timestamp="20 Nov 2021 17:04:08 GMT" skipped="0">
  <testcase classname="expediatestrunner.SearchTest" name="test" time="20.734"/>
</testsuite> <!-- expediatestrunner.SearchTest -->
