<?xml version="1.0" encoding="UTF-8"?>
<!-- Generated by org.testng.reporters.JUnitReportReporter -->
<testsuite hostname="Syeds-MBP-2.lan" failures="0" tests="1" name="mobiletestrunner.LandingPageTest" time="23.112" errors="0" timestamp="03 Nov 2021 01:15:20 GMT" skipped="0">
  <testcase classname="mobiletestrunner.LandingPageTest" name="Test1" time="23.112"/>
</testsuite> <!-- mobiletestrunner.LandingPageTest -->
